FILE_TYPE=LIBRARY_PARTS;
PRIMITIVE 'IHLP5050EZER4R7M5A','IHLP5050EZER4R7M5A_Inductors Precision Moulded';
  PIN
    '1':
      PIN_NUMBER='(1)';
      NO_LOAD_CHECK=BOTH;
      NO_IO_CHECK=BOTH;
      ALLOW_CONNECT=TRUE;
      PINUSE='UNSPEC';
    '2':
      PIN_NUMBER='(2)';
      NO_LOAD_CHECK=BOTH;
      NO_IO_CHECK=BOTH;
      ALLOW_CONNECT=TRUE;
      PINUSE='UNSPEC';
  END_PIN;
  BODY
    PART_NAME='IHLP5050EZER4R7M5A';
    PHYS_DES_PREFIX='L';
    NO_LOAD_CHECK='TRUE';
    PIN_COUNT='2';
    BODY_NAME='IHLP5050EZER4R7M5A';
    JEDEC_TYPE='INDPM135129X500N';
  END_BODY;
END_PRIMITIVE;
END.
